[debug] [2022-11-19T07:37:40.369Z] ----------------------------------------------------------------------
[debug] [2022-11-19T07:37:40.371Z] Command:       C:\Program Files\nodejs\node.exe C:\Users\Ac\AppData\Roaming\npm\node_modules\firebase-tools\lib\bin\firebase.js init
[debug] [2022-11-19T07:37:40.372Z] CLI Version:   11.16.0
[debug] [2022-11-19T07:37:40.372Z] Platform:      win32
[debug] [2022-11-19T07:37:40.372Z] Node Version:  v16.15.1
[debug] [2022-11-19T07:37:40.382Z] Time:          Fri Nov 18 2022 23:37:40 GMT-0800 (Pacific Standard Time)
[debug] [2022-11-19T07:37:40.382Z] ----------------------------------------------------------------------
[debug] 
[debug] [2022-11-19T07:37:40.387Z] >>> [apiv2][query] GET https://firebase-public.firebaseio.com/cli.json [none]
[debug] [2022-11-19T07:37:40.411Z] > command requires scopes: ["email","openid","https://www.googleapis.com/auth/cloudplatformprojects.readonly","https://www.googleapis.com/auth/firebase","https://www.googleapis.com/auth/cloud-platform"]
[debug] [2022-11-19T07:37:40.412Z] > authorizing via signed-in user (imrantahir9918@gmail.com)
[info] 
     ######## #### ########  ######## ########     ###     ######  ########
     ##        ##  ##     ## ##       ##     ##  ##   ##  ##       ##
     ######    ##  ########  ######   ########  #########  ######  ######
     ##        ##  ##    ##  ##       ##     ## ##     ##       ## ##
     ##       #### ##     ## ######## ########  ##     ##  ######  ########

You're about to initialize a Firebase project in this directory:

  C:\Projects\learning-app

Before we get started, keep in mind:

  * You are currently outside your home directory

[debug] [2022-11-19T07:37:41.210Z] <<< [apiv2][status] GET https://firebase-public.firebaseio.com/cli.json 200
[debug] [2022-11-19T07:37:41.211Z] <<< [apiv2][body] GET https://firebase-public.firebaseio.com/cli.json {"cloudBuildErrorAfter":1594252800000,"cloudBuildWarnAfter":1590019200000,"defaultNode10After":1594252800000,"minVersion":"3.0.5","node8DeploysDisabledAfter":1613390400000,"node8RuntimeDisabledAfter":1615809600000,"node8WarnAfter":1600128000000}
[info] 
=== Project Setup
[info] 
[info] First, let's associate this project directory with a Firebase project.
[info] You can create multiple project aliases by running firebase use --add, 
[info] but for now we'll just set up a default project.
[info] 
[debug] [2022-11-19T07:39:38.969Z] > refreshing access token with scopes: []
[debug] [2022-11-19T07:39:38.971Z] >>> [apiv2][query] POST https://www.googleapis.com/oauth2/v3/token [none]
[debug] [2022-11-19T07:39:38.971Z] >>> [apiv2][body] POST https://www.googleapis.com/oauth2/v3/token [omitted]
[debug] [2022-11-19T07:39:39.577Z] <<< [apiv2][status] POST https://www.googleapis.com/oauth2/v3/token 200
[debug] [2022-11-19T07:39:39.578Z] <<< [apiv2][body] POST https://www.googleapis.com/oauth2/v3/token [omitted]
[debug] [2022-11-19T07:39:39.602Z] >>> [apiv2][query] GET https://firebase.googleapis.com/v1beta1/projects pageSize=100
[debug] [2022-11-19T07:39:40.607Z] <<< [apiv2][status] GET https://firebase.googleapis.com/v1beta1/projects 200
[debug] [2022-11-19T07:39:40.608Z] <<< [apiv2][body] GET https://firebase.googleapis.com/v1beta1/projects [omitted]
[debug] [2022-11-19T07:41:14.941Z] ----------------------------------------------------------------------
[debug] [2022-11-19T07:41:14.943Z] Command:       C:\Program Files\nodejs\node.exe C:\Users\Ac\AppData\Roaming\npm\node_modules\firebase-tools\lib\bin\firebase.js init
[debug] [2022-11-19T07:41:14.944Z] CLI Version:   11.16.0
[debug] [2022-11-19T07:41:14.944Z] Platform:      win32
[debug] [2022-11-19T07:41:14.944Z] Node Version:  v16.15.1
[debug] [2022-11-19T07:41:14.945Z] Time:          Fri Nov 18 2022 23:41:14 GMT-0800 (Pacific Standard Time)
[debug] [2022-11-19T07:41:14.945Z] ----------------------------------------------------------------------
[debug] 
[debug] [2022-11-19T07:41:14.954Z] > command requires scopes: ["email","openid","https://www.googleapis.com/auth/cloudplatformprojects.readonly","https://www.googleapis.com/auth/firebase","https://www.googleapis.com/auth/cloud-platform"]
[debug] [2022-11-19T07:41:14.955Z] > authorizing via signed-in user (imrantahir9918@gmail.com)
[info] 
     ######## #### ########  ######## ########     ###     ######  ########
     ##        ##  ##     ## ##       ##     ##  ##   ##  ##       ##
     ######    ##  ########  ######   ########  #########  ######  ######
     ##        ##  ##    ##  ##       ##     ## ##     ##       ## ##
     ##       #### ##     ## ######## ########  ##     ##  ######  ########

You're about to initialize a Firebase project in this directory:

  C:\Projects\learning-app

Before we get started, keep in mind:

  * You are currently outside your home directory

[info] 
=== Project Setup
[info] 
[info] First, let's associate this project directory with a Firebase project.
[info] You can create multiple project aliases by running firebase use --add, 
[info] but for now we'll just set up a default project.
[info] 
[debug] [2022-11-19T07:42:21.126Z] >>> [apiv2][query] GET https://firebase.googleapis.com/v1beta1/projects pageSize=100
[debug] [2022-11-19T07:42:22.158Z] <<< [apiv2][status] GET https://firebase.googleapis.com/v1beta1/projects 200
[debug] [2022-11-19T07:42:22.158Z] <<< [apiv2][body] GET https://firebase.googleapis.com/v1beta1/projects [omitted]
[debug] [2022-11-19T07:52:02.577Z] ----------------------------------------------------------------------
[debug] [2022-11-19T07:52:02.579Z] Command:       C:\Program Files\nodejs\node.exe C:\Users\Ac\AppData\Roaming\npm\node_modules\firebase-tools\lib\bin\firebase.js init
[debug] [2022-11-19T07:52:02.580Z] CLI Version:   11.16.0
[debug] [2022-11-19T07:52:02.580Z] Platform:      win32
[debug] [2022-11-19T07:52:02.580Z] Node Version:  v16.15.1
[debug] [2022-11-19T07:52:02.581Z] Time:          Fri Nov 18 2022 23:52:02 GMT-0800 (Pacific Standard Time)
[debug] [2022-11-19T07:52:02.581Z] ----------------------------------------------------------------------
[debug] 
[debug] [2022-11-19T07:52:02.590Z] > command requires scopes: ["email","openid","https://www.googleapis.com/auth/cloudplatformprojects.readonly","https://www.googleapis.com/auth/firebase","https://www.googleapis.com/auth/cloud-platform"]
[debug] [2022-11-19T07:52:02.590Z] > authorizing via signed-in user (imrantahir9918@gmail.com)
[info] 
     ######## #### ########  ######## ########     ###     ######  ########
     ##        ##  ##     ## ##       ##     ##  ##   ##  ##       ##
     ######    ##  ########  ######   ########  #########  ######  ######
     ##        ##  ##    ##  ##       ##     ## ##     ##       ## ##
     ##       #### ##     ## ######## ########  ##     ##  ######  ########

You're about to initialize a Firebase project in this directory:

  C:\Projects\educational-app

Before we get started, keep in mind:

  * You are currently outside your home directory

[info] 
=== Project Setup
[info] 
[info] First, let's associate this project directory with a Firebase project.
[info] You can create multiple project aliases by running firebase use --add, 
[info] but for now we'll just set up a default project.
[info] 
[debug] [2022-11-19T07:52:52.300Z] >>> [apiv2][query] GET https://firebase.googleapis.com/v1beta1/projects pageSize=100
[debug] [2022-11-19T07:52:53.406Z] <<< [apiv2][status] GET https://firebase.googleapis.com/v1beta1/projects 200
[debug] [2022-11-19T07:52:53.406Z] <<< [apiv2][body] GET https://firebase.googleapis.com/v1beta1/projects [omitted]
